composeApp/build/intermediates/manifest_merge_blame_file/debug/processDebugMainManifest/manifest-merger-blame-debug-report.txt
1<?xml version="1.0" encoding="utf-8"?>
2<manifest xmlns:android="http://schemas.android.com/apk/res/android"
3    package="com.android.mindquest"
4    android:versionCode="1"
5    android:versionName="1.0.0" >
6
7    <uses-sdk
8        android:minSdkVersion="26"
9        android:targetSdkVersion="35" />
10
11    <uses-permission android:name="android.permission.INTERNET" />
11-->src/androidMain/AndroidManifest.xml:4:5-67
11-->src/androidMain/AndroidManifest.xml:4:22-64
12    <uses-permission android:name="android.permission.ACCESS_NETWORK_STATE" />
12-->src/androidMain/AndroidManifest.xml:5:5-79
12-->src/androidMain/AndroidManifest.xml:5:22-76
13
14    <permission
14-->[androidx.core:core:1.15.0] AndroidManifest.xml:22:5-24:47
15        android:name="com.android.mindquest.DYNAMIC_RECEIVER_NOT_EXPORTED_PERMISSION"
15-->[androidx.core:core:1.15.0] AndroidManifest.xml:23:9-81
16        android:protectionLevel="signature" />
16-->[androidx.core:core:1.15.0] AndroidManifest.xml:24:9-44
17
18    <uses-permission android:name="com.android.mindquest.DYNAMIC_RECEIVER_NOT_EXPORTED_PERMISSION" />
18-->[androidx.core:core:1.15.0] AndroidManifest.xml:26:5-97
18-->[androidx.core:core:1.15.0] AndroidManifest.xml:26:22-94
19
20    <application
20-->src/androidMain/AndroidManifest.xml:7:5-26:19
21        android:name="com.android.mindquest.MindquestApplication"
21-->src/androidMain/AndroidManifest.xml:8:9-45
22        android:allowBackup="true"
22-->src/androidMain/AndroidManifest.xml:9:9-35
23        android:appComponentFactory="androidx.core.app.CoreComponentFactory"
23-->[androidx.core:core:1.15.0] AndroidManifest.xml:28:18-86
24        android:debuggable="true"
25        android:extractNativeLibs="false"
26        android:icon="@mipmap/ic_launcher"
26-->src/androidMain/AndroidManifest.xml:10:9-43
27        android:label="Mindquest"
27-->src/androidMain/AndroidManifest.xml:11:9-34
28        android:roundIcon="@mipmap/ic_launcher_round"
28-->src/androidMain/AndroidManifest.xml:12:9-54
29        android:supportsRtl="true"
29-->src/androidMain/AndroidManifest.xml:13:9-35
30        android:testOnly="true"
31        android:theme="@android:style/Theme.Material.Light.NoActionBar" >
31-->src/androidMain/AndroidManifest.xml:14:9-72
32        <activity
32-->src/androidMain/AndroidManifest.xml:16:9-25:20
33            android:name="com.android.mindquest.MainActivity"
33-->src/androidMain/AndroidManifest.xml:17:13-41
34            android:configChanges="orientation|screenSize|screenLayout|keyboardHidden"
34-->src/androidMain/AndroidManifest.xml:19:13-87
35            android:exported="true"
35-->src/androidMain/AndroidManifest.xml:18:13-36
36            android:windowSoftInputMode="adjustResize" >
36-->src/androidMain/AndroidManifest.xml:20:13-55
37            <intent-filter>
37-->src/androidMain/AndroidManifest.xml:21:13-24:29
38                <action android:name="android.intent.action.MAIN" />
38-->src/androidMain/AndroidManifest.xml:22:17-69
38-->src/androidMain/AndroidManifest.xml:22:25-66
39
40                <category android:name="android.intent.category.LAUNCHER" />
40-->src/androidMain/AndroidManifest.xml:23:17-77
40-->src/androidMain/AndroidManifest.xml:23:27-74
41            </intent-filter>
42        </activity>
43
44        <provider
44-->[io.github.jan-tennert.supabase:compose-auth-android-debug:3.0.3] AndroidManifest.xml:9:9-17:20
45            android:name="androidx.startup.InitializationProvider"
45-->[io.github.jan-tennert.supabase:compose-auth-android-debug:3.0.3] AndroidManifest.xml:10:13-67
46            android:authorities="com.android.mindquest.androidx-startup"
46-->[io.github.jan-tennert.supabase:compose-auth-android-debug:3.0.3] AndroidManifest.xml:11:13-68
47            android:exported="false" >
47-->[io.github.jan-tennert.supabase:compose-auth-android-debug:3.0.3] AndroidManifest.xml:12:13-37
48            <meta-data
48-->[io.github.jan-tennert.supabase:compose-auth-android-debug:3.0.3] AndroidManifest.xml:14:13-16:52
49                android:name="io.github.jan.supabase.compose.auth.SupabaseInitializer"
49-->[io.github.jan-tennert.supabase:compose-auth-android-debug:3.0.3] AndroidManifest.xml:15:17-87
50                android:value="androidx.startup" />
50-->[io.github.jan-tennert.supabase:compose-auth-android-debug:3.0.3] AndroidManifest.xml:16:17-49
51            <meta-data
51-->[androidx.emoji2:emoji2:1.3.0] AndroidManifest.xml:29:13-31:52
52                android:name="androidx.emoji2.text.EmojiCompatInitializer"
52-->[androidx.emoji2:emoji2:1.3.0] AndroidManifest.xml:30:17-75
53                android:value="androidx.startup" />
53-->[androidx.emoji2:emoji2:1.3.0] AndroidManifest.xml:31:17-49
54            <meta-data
54-->[io.github.jan-tennert.supabase:auth-kt-android-debug:3.0.3] AndroidManifest.xml:14:13-16:52
55                android:name="io.github.jan.supabase.auth.SupabaseInitializer"
55-->[io.github.jan-tennert.supabase:auth-kt-android-debug:3.0.3] AndroidManifest.xml:15:17-79
56                android:value="androidx.startup" />
56-->[io.github.jan-tennert.supabase:auth-kt-android-debug:3.0.3] AndroidManifest.xml:16:17-49
57            <meta-data
57-->[androidx.lifecycle:lifecycle-process:2.8.7] AndroidManifest.xml:29:13-31:52
58                android:name="androidx.lifecycle.ProcessLifecycleInitializer"
58-->[androidx.lifecycle:lifecycle-process:2.8.7] AndroidManifest.xml:30:17-78
59                android:value="androidx.startup" />
59-->[androidx.lifecycle:lifecycle-process:2.8.7] AndroidManifest.xml:31:17-49
60            <meta-data
60-->[com.russhwolf:multiplatform-settings-no-arg-android-debug:1.3.0] AndroidManifest.xml:29:13-31:52
61                android:name="com.russhwolf.settings.SettingsInitializer"
61-->[com.russhwolf:multiplatform-settings-no-arg-android-debug:1.3.0] AndroidManifest.xml:30:17-74
62                android:value="androidx.startup" />
62-->[com.russhwolf:multiplatform-settings-no-arg-android-debug:1.3.0] AndroidManifest.xml:31:17-49
63            <meta-data
63-->[androidx.profileinstaller:profileinstaller:1.4.1] AndroidManifest.xml:29:13-31:52
64                android:name="androidx.profileinstaller.ProfileInstallerInitializer"
64-->[androidx.profileinstaller:profileinstaller:1.4.1] AndroidManifest.xml:30:17-85
65                android:value="androidx.startup" />
65-->[androidx.profileinstaller:profileinstaller:1.4.1] AndroidManifest.xml:31:17-49
66        </provider>
67
68        <service
68-->[androidx.credentials:credentials-play-services-auth:1.3.0] AndroidManifest.xml:24:9-32:19
69            android:name="androidx.credentials.playservices.CredentialProviderMetadataHolder"
69-->[androidx.credentials:credentials-play-services-auth:1.3.0] AndroidManifest.xml:25:13-94
70            android:enabled="true"
70-->[androidx.credentials:credentials-play-services-auth:1.3.0] AndroidManifest.xml:26:13-35
71            android:exported="false" >
71-->[androidx.credentials:credentials-play-services-auth:1.3.0] AndroidManifest.xml:27:13-37
72            <meta-data
72-->[androidx.credentials:credentials-play-services-auth:1.3.0] AndroidManifest.xml:29:13-31:104
73                android:name="androidx.credentials.CREDENTIAL_PROVIDER_KEY"
73-->[androidx.credentials:credentials-play-services-auth:1.3.0] AndroidManifest.xml:30:17-76
74                android:value="androidx.credentials.playservices.CredentialProviderPlayServicesImpl" />
74-->[androidx.credentials:credentials-play-services-auth:1.3.0] AndroidManifest.xml:31:17-101
75        </service>
76
77        <activity
77-->[androidx.credentials:credentials-play-services-auth:1.3.0] AndroidManifest.xml:34:9-41:20
78            android:name="androidx.credentials.playservices.HiddenActivity"
78-->[androidx.credentials:credentials-play-services-auth:1.3.0] AndroidManifest.xml:35:13-76
79            android:configChanges="orientation|screenSize|screenLayout|keyboardHidden"
79-->[androidx.credentials:credentials-play-services-auth:1.3.0] AndroidManifest.xml:36:13-87
80            android:enabled="true"
80-->[androidx.credentials:credentials-play-services-auth:1.3.0] AndroidManifest.xml:37:13-35
81            android:exported="false"
81-->[androidx.credentials:credentials-play-services-auth:1.3.0] AndroidManifest.xml:38:13-37
82            android:fitsSystemWindows="true"
82-->[androidx.credentials:credentials-play-services-auth:1.3.0] AndroidManifest.xml:39:13-45
83            android:theme="@style/Theme.Hidden" >
83-->[androidx.credentials:credentials-play-services-auth:1.3.0] AndroidManifest.xml:40:13-48
84        </activity>
85        <activity
85-->[com.google.android.gms:play-services-auth:21.1.1] AndroidManifest.xml:23:9-27:75
86            android:name="com.google.android.gms.auth.api.signin.internal.SignInHubActivity"
86-->[com.google.android.gms:play-services-auth:21.1.1] AndroidManifest.xml:24:13-93
87            android:excludeFromRecents="true"
87-->[com.google.android.gms:play-services-auth:21.1.1] AndroidManifest.xml:25:13-46
88            android:exported="false"
88-->[com.google.android.gms:play-services-auth:21.1.1] AndroidManifest.xml:26:13-37
89            android:theme="@android:style/Theme.Translucent.NoTitleBar" />
89-->[com.google.android.gms:play-services-auth:21.1.1] AndroidManifest.xml:27:13-72
90        <!--
91            Service handling Google Sign-In user revocation. For apps that do not integrate with
92            Google Sign-In, this service will never be started.
93        -->
94        <service
94-->[com.google.android.gms:play-services-auth:21.1.1] AndroidManifest.xml:33:9-37:51
95            android:name="com.google.android.gms.auth.api.signin.RevocationBoundService"
95-->[com.google.android.gms:play-services-auth:21.1.1] AndroidManifest.xml:34:13-89
96            android:exported="true"
96-->[com.google.android.gms:play-services-auth:21.1.1] AndroidManifest.xml:35:13-36
97            android:permission="com.google.android.gms.auth.api.signin.permission.REVOCATION_NOTIFICATION"
97-->[com.google.android.gms:play-services-auth:21.1.1] AndroidManifest.xml:36:13-107
98            android:visibleToInstantApps="true" />
98-->[com.google.android.gms:play-services-auth:21.1.1] AndroidManifest.xml:37:13-48
99
100        <activity
100-->[com.google.android.gms:play-services-base:18.3.0] AndroidManifest.xml:20:9-22:45
101            android:name="com.google.android.gms.common.api.GoogleApiActivity"
101-->[com.google.android.gms:play-services-base:18.3.0] AndroidManifest.xml:20:19-85
102            android:exported="false"
102-->[com.google.android.gms:play-services-base:18.3.0] AndroidManifest.xml:22:19-43
103            android:theme="@android:style/Theme.Translucent.NoTitleBar" />
103-->[com.google.android.gms:play-services-base:18.3.0] AndroidManifest.xml:21:19-78
104
105        <meta-data
105-->[com.google.android.gms:play-services-basement:18.3.0] AndroidManifest.xml:21:9-23:69
106            android:name="com.google.android.gms.version"
106-->[com.google.android.gms:play-services-basement:18.3.0] AndroidManifest.xml:22:13-58
107            android:value="@integer/google_play_services_version" />
107-->[com.google.android.gms:play-services-basement:18.3.0] AndroidManifest.xml:23:13-66
108
109        <provider
109-->[org.jetbrains.compose.components:components-resources-android:1.7.3] AndroidManifest.xml:8:9-13:20
110            android:name="org.jetbrains.compose.resources.AndroidContextProvider"
110-->[org.jetbrains.compose.components:components-resources-android:1.7.3] AndroidManifest.xml:9:13-82
111            android:authorities="com.android.mindquest.resources.AndroidContextProvider"
111-->[org.jetbrains.compose.components:components-resources-android:1.7.3] AndroidManifest.xml:10:13-84
112            android:enabled="true"
112-->[org.jetbrains.compose.components:components-resources-android:1.7.3] AndroidManifest.xml:11:13-35
113            android:exported="false" >
113-->[org.jetbrains.compose.components:components-resources-android:1.7.3] AndroidManifest.xml:12:13-37
114        </provider>
115
116        <receiver
116-->[androidx.profileinstaller:profileinstaller:1.4.1] AndroidManifest.xml:34:9-52:20
117            android:name="androidx.profileinstaller.ProfileInstallReceiver"
117-->[androidx.profileinstaller:profileinstaller:1.4.1] AndroidManifest.xml:35:13-76
118            android:directBootAware="false"
118-->[androidx.profileinstaller:profileinstaller:1.4.1] AndroidManifest.xml:36:13-44
119            android:enabled="true"
119-->[androidx.profileinstaller:profileinstaller:1.4.1] AndroidManifest.xml:37:13-35
120            android:exported="true"
120-->[androidx.profileinstaller:profileinstaller:1.4.1] AndroidManifest.xml:38:13-36
121            android:permission="android.permission.DUMP" >
121-->[androidx.profileinstaller:profileinstaller:1.4.1] AndroidManifest.xml:39:13-57
122            <intent-filter>
122-->[androidx.profileinstaller:profileinstaller:1.4.1] AndroidManifest.xml:40:13-42:29
123                <action android:name="androidx.profileinstaller.action.INSTALL_PROFILE" />
123-->[androidx.profileinstaller:profileinstaller:1.4.1] AndroidManifest.xml:41:17-91
123-->[androidx.profileinstaller:profileinstaller:1.4.1] AndroidManifest.xml:41:25-88
124            </intent-filter>
125            <intent-filter>
125-->[androidx.profileinstaller:profileinstaller:1.4.1] AndroidManifest.xml:43:13-45:29
126                <action android:name="androidx.profileinstaller.action.SKIP_FILE" />
126-->[androidx.profileinstaller:profileinstaller:1.4.1] AndroidManifest.xml:44:17-85
126-->[androidx.profileinstaller:profileinstaller:1.4.1] AndroidManifest.xml:44:25-82
127            </intent-filter>
128            <intent-filter>
128-->[androidx.profileinstaller:profileinstaller:1.4.1] AndroidManifest.xml:46:13-48:29
129                <action android:name="androidx.profileinstaller.action.SAVE_PROFILE" />
129-->[androidx.profileinstaller:profileinstaller:1.4.1] AndroidManifest.xml:47:17-88
129-->[androidx.profileinstaller:profileinstaller:1.4.1] AndroidManifest.xml:47:25-85
130            </intent-filter>
131            <intent-filter>
131-->[androidx.profileinstaller:profileinstaller:1.4.1] AndroidManifest.xml:49:13-51:29
132                <action android:name="androidx.profileinstaller.action.BENCHMARK_OPERATION" />
132-->[androidx.profileinstaller:profileinstaller:1.4.1] AndroidManifest.xml:50:17-95
132-->[androidx.profileinstaller:profileinstaller:1.4.1] AndroidManifest.xml:50:25-92
133            </intent-filter>
134        </receiver>
135    </application>
136
137</manifest>